This is pdfTeX, Version 3.14159265-2.6-1.40.21 (MiKTeX 20.7 NEXT) (preloaded format=pdflatex 2020.9.30)  30 SEP 2020 22:28
entering extended mode
**./term_paper_eem.tex
(term_paper_eem.tex
LaTeX2e <2020-02-02> patch level 5
L3 programming layer <2020-09-03>
("C:\Users\Anwender\AppData\Local\Programs\MiKTeX 2.9\tex/latex/base\article.cl
s"
Document Class: article 2019/12/20 v1.4l Standard LaTeX document class
("C:\Users\Anwender\AppData\Local\Programs\MiKTeX 2.9\tex/latex/base\size12.clo
"
File: size12.clo 2019/12/20 v1.4l Standard LaTeX file (size option)
)
\c@part=\count168
\c@section=\count169
\c@subsection=\count170
\c@subsubsection=\count171
\c@paragraph=\count172
\c@subparagraph=\count173
\c@figure=\count174
\c@table=\count175
\abovecaptionskip=\skip47
\belowcaptionskip=\skip48
\bibindent=\dimen134
)
("C:\Users\Anwender\AppData\Local\Programs\MiKTeX 2.9\tex/latex/lm\lmodern.sty"
Package: lmodern 2009/10/30 v1.6 Latin Modern Fonts
LaTeX Font Info:    Overwriting symbol font `operators' in version `normal'
(Font)                  OT1/cmr/m/n --> OT1/lmr/m/n on input line 22.
LaTeX Font Info:    Overwriting symbol font `letters' in version `normal'
(Font)                  OML/cmm/m/it --> OML/lmm/m/it on input line 23.
LaTeX Font Info:    Overwriting symbol font `symbols' in version `normal'
(Font)                  OMS/cmsy/m/n --> OMS/lmsy/m/n on input line 24.
LaTeX Font Info:    Overwriting symbol font `largesymbols' in version `normal'
(Font)                  OMX/cmex/m/n --> OMX/lmex/m/n on input line 25.
LaTeX Font Info:    Overwriting symbol font `operators' in version `bold'
(Font)                  OT1/cmr/bx/n --> OT1/lmr/bx/n on input line 26.
LaTeX Font Info:    Overwriting symbol font `letters' in version `bold'
(Font)                  OML/cmm/b/it --> OML/lmm/b/it on input line 27.
LaTeX Font Info:    Overwriting symbol font `symbols' in version `bold'
(Font)                  OMS/cmsy/b/n --> OMS/lmsy/b/n on input line 28.
LaTeX Font Info:    Overwriting symbol font `largesymbols' in version `bold'
(Font)                  OMX/cmex/m/n --> OMX/lmex/m/n on input line 29.
LaTeX Font Info:    Overwriting math alphabet `\mathbf' in version `normal'
(Font)                  OT1/cmr/bx/n --> OT1/lmr/bx/n on input line 31.
LaTeX Font Info:    Overwriting math alphabet `\mathsf' in version `normal'
(Font)                  OT1/cmss/m/n --> OT1/lmss/m/n on input line 32.
LaTeX Font Info:    Overwriting math alphabet `\mathit' in version `normal'
(Font)                  OT1/cmr/m/it --> OT1/lmr/m/it on input line 33.
LaTeX Font Info:    Overwriting math alphabet `\mathtt' in version `normal'
(Font)                  OT1/cmtt/m/n --> OT1/lmtt/m/n on input line 34.
LaTeX Font Info:    Overwriting math alphabet `\mathbf' in version `bold'
(Font)                  OT1/cmr/bx/n --> OT1/lmr/bx/n on input line 35.
LaTeX Font Info:    Overwriting math alphabet `\mathsf' in version `bold'
(Font)                  OT1/cmss/bx/n --> OT1/lmss/bx/n on input line 36.
LaTeX Font Info:    Overwriting math alphabet `\mathit' in version `bold'
(Font)                  OT1/cmr/bx/it --> OT1/lmr/bx/it on input line 37.
LaTeX Font Info:    Overwriting math alphabet `\mathtt' in version `bold'
(Font)                  OT1/cmtt/m/n --> OT1/lmtt/m/n on input line 38.
)
("C:\Users\Anwender\AppData\Local\Programs\MiKTeX 2.9\tex/latex/placeins\placei
ns.sty"
Package: placeins 2005/04/18  v 2.2
)
("C:\Users\Anwender\AppData\Local\Programs\MiKTeX 2.9\tex/latex/booktabs\bookta
bs.sty"
Package: booktabs 2020/01/12 v1.61803398 Publication quality tables
\heavyrulewidth=\dimen135
\lightrulewidth=\dimen136
\cmidrulewidth=\dimen137
\belowrulesep=\dimen138
\belowbottomsep=\dimen139
\aboverulesep=\dimen140
\abovetopsep=\dimen141
\cmidrulesep=\dimen142
\cmidrulekern=\dimen143
\defaultaddspace=\dimen144
\@cmidla=\count176
\@cmidlb=\count177
\@aboverulesep=\dimen145
\@belowrulesep=\dimen146
\@thisruleclass=\count178
\@lastruleclass=\count179
\@thisrulewidth=\dimen147
)
("C:\Users\Anwender\AppData\Local\Programs\MiKTeX 2.9\tex/latex/amsfonts\amssym
b.sty"
Package: amssymb 2013/01/14 v3.01 AMS font symbols

("C:\Users\Anwender\AppData\Local\Programs\MiKTeX 2.9\tex/latex/amsfonts\amsfon
ts.sty"
Package: amsfonts 2013/01/14 v3.01 Basic AMSFonts support
\@emptytoks=\toks15
\symAMSa=\mathgroup4
\symAMSb=\mathgroup5
LaTeX Font Info:    Redeclaring math symbol \hbar on input line 98.
LaTeX Font Info:    Overwriting math alphabet `\mathfrak' in version `bold'
(Font)                  U/euf/m/n --> U/euf/b/n on input line 106.
))
("C:\Users\Anwender\AppData\Local\Programs\MiKTeX 2.9\tex/latex/amsmath\amsmath
.sty"
Package: amsmath 2020/01/20 v2.17e AMS math features
\@mathmargin=\skip49

For additional information on amsmath, use the `?' option.

("C:\Users\Anwender\AppData\Local\Programs\MiKTeX 2.9\tex/latex/amsmath\amstext
.sty"
Package: amstext 2000/06/29 v2.01 AMS text

("C:\Users\Anwender\AppData\Local\Programs\MiKTeX 2.9\tex/latex/amsmath\amsgen.
sty"
File: amsgen.sty 1999/11/30 v2.0 generic functions
\@emptytoks=\toks16
\ex@=\dimen148
))
("C:\Users\Anwender\AppData\Local\Programs\MiKTeX 2.9\tex/latex/amsmath\amsbsy.
sty"
Package: amsbsy 1999/11/29 v1.2d Bold Symbols
\pmbraise@=\dimen149
)
("C:\Users\Anwender\AppData\Local\Programs\MiKTeX 2.9\tex/latex/amsmath\amsopn.
sty"
Package: amsopn 2016/03/08 v2.02 operator names
)
\inf@bad=\count180
LaTeX Info: Redefining \frac on input line 227.
\uproot@=\count181
\leftroot@=\count182
LaTeX Info: Redefining \overline on input line 389.
\classnum@=\count183
\DOTSCASE@=\count184
LaTeX Info: Redefining \ldots on input line 486.
LaTeX Info: Redefining \dots on input line 489.
LaTeX Info: Redefining \cdots on input line 610.
\Mathstrutbox@=\box45
\strutbox@=\box46
\big@size=\dimen150
LaTeX Font Info:    Redeclaring font encoding OML on input line 733.
LaTeX Font Info:    Redeclaring font encoding OMS on input line 734.
\macc@depth=\count185
\c@MaxMatrixCols=\count186
\dotsspace@=\muskip16
\c@parentequation=\count187
\dspbrk@lvl=\count188
\tag@help=\toks17
\row@=\count189
\column@=\count190
\maxfields@=\count191
\andhelp@=\toks18
\eqnshift@=\dimen151
\alignsep@=\dimen152
\tagshift@=\dimen153
\tagwidth@=\dimen154
\totwidth@=\dimen155
\lineht@=\dimen156
\@envbody=\toks19
\multlinegap=\skip50
\multlinetaggap=\skip51
\mathdisplay@stack=\toks20
LaTeX Info: Redefining \[ on input line 2859.
LaTeX Info: Redefining \] on input line 2860.
)
("C:\Users\Anwender\AppData\Local\Programs\MiKTeX 2.9\tex/generic/iftex\ifxetex
.sty"
Package: ifxetex 2019/10/25 v0.7 ifxetex legacy package. Use iftex instead.

("C:\Users\Anwender\AppData\Local\Programs\MiKTeX 2.9\tex/generic/iftex\iftex.s
ty"
Package: iftex 2019/11/07 v1.0c TeX engine tests
))
("C:\Users\Anwender\AppData\Local\Programs\MiKTeX 2.9\tex/generic/iftex\ifluate
x.sty"
Package: ifluatex 2019/10/25 v1.5 ifluatex legacy package. Use iftex instead.
)
("C:\Users\Anwender\AppData\Local\Programs\MiKTeX 2.9\tex/latex/base\fixltx2e.s
ty"
Package: fixltx2e 2016/12/29 v2.1a fixes to LaTeX (obsolete)
Applying: [2015/01/01] Old fixltx2e package on input line 46.


Package fixltx2e Warning: fixltx2e is not required with releases after 2015
(fixltx2e)                All fixes are now in the LaTeX kernel.
(fixltx2e)                See the latexrelease package for details.

Already applied: [0000/00/00] Old fixltx2e package on input line 53.
)
("C:\Users\Anwender\AppData\Local\Programs\MiKTeX 2.9\tex/latex/base\fontenc.st
y"
Package: fontenc 2020/02/11 v2.0o Standard LaTeX package
LaTeX Font Info:    Trying to load font information for T1+lmr on input line 11
2.
 ("C:\Users\Anwender\AppData\Local\Programs\MiKTeX 2.9\tex/latex/lm\t1lmr.fd"
File: t1lmr.fd 2009/10/30 v1.6 Font defs for Latin Modern
))
("C:\Users\Anwender\AppData\Local\Programs\MiKTeX 2.9\tex/latex/base\inputenc.s
ty"
Package: inputenc 2018/08/11 v1.3c Input encoding file
\inpenc@prehook=\toks21
\inpenc@posthook=\toks22
)
("C:\Users\Anwender\AppData\Local\Programs\MiKTeX 2.9\tex/latex/upquote\upquote
.sty"
Package: upquote 2012/04/19 v1.3 upright-quote and grave-accent glyphs in verba
tim

("C:\Users\Anwender\AppData\Local\Programs\MiKTeX 2.9\tex/latex/base\textcomp.s
ty"
Package: textcomp 2020/02/02 v2.0n Standard LaTeX package
))
("C:\Users\Anwender\AppData\Local\Programs\MiKTeX 2.9\tex/latex/microtype\micro
type.sty"
Package: microtype 2019/11/18 v2.7d Micro-typographical refinements (RS)

("C:\Users\Anwender\AppData\Local\Programs\MiKTeX 2.9\tex/latex/graphics\keyval
.sty"
Package: keyval 2014/10/28 v1.15 key=value parser (DPC)
\KV@toks@=\toks23
)
\MT@toks=\toks24
\MT@count=\count192
LaTeX Info: Redefining \textls on input line 790.
\MT@outer@kern=\dimen157
LaTeX Info: Redefining \textmicrotypecontext on input line 1354.
\MT@listname@count=\count193

("C:\Users\Anwender\AppData\Local\Programs\MiKTeX 2.9\tex/latex/microtype\micro
type-pdftex.def"
File: microtype-pdftex.def 2019/11/18 v2.7d Definitions specific to pdftex (RS)

LaTeX Info: Redefining \lsstyle on input line 914.
LaTeX Info: Redefining \lslig on input line 914.
\MT@outer@space=\skip52
)
Package microtype Info: Loading configuration file microtype.cfg.

("C:\Users\Anwender\AppData\Local\Programs\MiKTeX 2.9\tex/latex/microtype\micro
type.cfg"
File: microtype.cfg 2019/11/18 v2.7d microtype main configuration file (RS)
))
("C:\Users\Anwender\AppData\Local\Programs\MiKTeX 2.9\tex/latex/geometry\geomet
ry.sty"
Package: geometry 2020/01/02 v5.9 Page Geometry

("C:\Users\Anwender\AppData\Local\Programs\MiKTeX 2.9\tex/generic/iftex\ifvtex.
sty"
Package: ifvtex 2019/10/25 v1.7 ifvtex legacy package. Use iftex instead.
)
\Gm@cnth=\count194
\Gm@cntv=\count195
\c@Gm@tempcnt=\count196
\Gm@bindingoffset=\dimen158
\Gm@wd@mp=\dimen159
\Gm@odd@mp=\dimen160
\Gm@even@mp=\dimen161
\Gm@layoutwidth=\dimen162
\Gm@layoutheight=\dimen163
\Gm@layouthoffset=\dimen164
\Gm@layoutvoffset=\dimen165
\Gm@dimlist=\toks25

("C:\Users\Anwender\AppData\Local\Programs\MiKTeX 2.9\tex/latex/geometry\geomet
ry.cfg"))
("C:\Users\Anwender\AppData\Local\Programs\MiKTeX 2.9\tex/latex/float\float.sty
"
Package: float 2001/11/08 v1.3d Float enhancements (AL)
\c@float@type=\count197
\float@exts=\toks26
\float@box=\box47
\@float@everytoks=\toks27
\@floatcapt=\box48
)
("C:\Users\Anwender\AppData\Local\Programs\MiKTeX 2.9\tex/latex/csquotes\csquot
es.sty"
Package: csquotes 2019-12-06 v5.2j context-sensitive quotations (JAW)

("C:\Users\Anwender\AppData\Local\Programs\MiKTeX 2.9\tex/latex/etoolbox\etoolb
ox.sty"
Package: etoolbox 2020/08/24 v2.5j e-TeX tools for LaTeX (JAW)
\etb@tempcnta=\count198
)
\csq@reset=\count199
\csq@gtype=\count266
\csq@glevel=\count267
\csq@qlevel=\count268
\csq@maxlvl=\count269
\csq@tshold=\count270
\csq@ltx@everypar=\toks28

("C:\Users\Anwender\AppData\Local\Programs\MiKTeX 2.9\tex/latex/csquotes\csquot
es.def"
File: csquotes.def 2019-12-06 v5.2j csquotes generic definitions (JAW)
)
Package csquotes Info: Trying to load configuration file 'csquotes.cfg'...
Package csquotes Info: ... configuration file loaded successfully.

("C:\Users\Anwender\AppData\Local\Programs\MiKTeX 2.9\tex/latex/csquotes\csquot
es.cfg"
File: csquotes.cfg 
))
("C:\Users\Anwender\AppData\Local\Programs\MiKTeX 2.9\tex/latex/biblatex\biblat
ex.sty"
Package: biblatex 2020/08/23 v3.15a programmable bibliographies (PK/MW)

("C:\Users\Anwender\AppData\Local\Programs\MiKTeX 2.9\tex/latex/pdftexcmds\pdft
excmds.sty"
Package: pdftexcmds 2019/11/24 v0.31 Utility functions of pdfTeX for LuaTeX (HO
)

("C:\Users\Anwender\AppData\Local\Programs\MiKTeX 2.9\tex/generic/infwarerr\inf
warerr.sty"
Package: infwarerr 2019/12/03 v1.5 Providing info/warning/error messages (HO)
)
("C:\Users\Anwender\AppData\Local\Programs\MiKTeX 2.9\tex/generic/ltxcmds\ltxcm
ds.sty"
Package: ltxcmds 2019/12/15 v1.24 LaTeX kernel commands for general use (HO)
)
Package pdftexcmds Info: \pdf@primitive is available.
Package pdftexcmds Info: \pdf@ifprimitive is available.
Package pdftexcmds Info: \pdfdraftmode found.
)
("C:\Users\Anwender\AppData\Local\Programs\MiKTeX 2.9\tex/latex/kvoptions\kvopt
ions.sty"
Package: kvoptions 2019/11/29 v3.13 Key value format for package options (HO)

("C:\Users\Anwender\AppData\Local\Programs\MiKTeX 2.9\tex/generic/kvsetkeys\kvs
etkeys.sty"
Package: kvsetkeys 2019/12/15 v1.18 Key value parser (HO)
))
("C:\Users\Anwender\AppData\Local\Programs\MiKTeX 2.9\tex/latex/logreq\logreq.s
ty"
Package: logreq 2010/08/04 v1.0 xml request logger
\lrq@indent=\count271

("C:\Users\Anwender\AppData\Local\Programs\MiKTeX 2.9\tex/latex/logreq\logreq.d
ef"
File: logreq.def 2010/08/04 v1.0 logreq spec v1.0
))
("C:\Users\Anwender\AppData\Local\Programs\MiKTeX 2.9\tex/latex/base\ifthen.sty
"
Package: ifthen 2014/09/29 v1.1c Standard LaTeX ifthen package (DPC)
) ("C:\Users\Anwender\AppData\Local\Programs\MiKTeX 2.9\tex/latex/url\url.sty"
\Urlmuskip=\muskip17
Package: url 2013/09/16  ver 3.4  Verb mode for urls, etc.
)
\c@tabx@nest=\count272
\c@listtotal=\count273
\c@listcount=\count274
\c@liststart=\count275
\c@liststop=\count276
\c@citecount=\count277
\c@citetotal=\count278
\c@multicitecount=\count279
\c@multicitetotal=\count280
\c@instcount=\count281
\c@maxnames=\count282
\c@minnames=\count283
\c@maxitems=\count284
\c@minitems=\count285
\c@citecounter=\count286
\c@maxcitecounter=\count287
\c@savedcitecounter=\count288
\c@uniquelist=\count289
\c@uniquename=\count290
\c@refsection=\count291
\c@refsegment=\count292
\c@maxextratitle=\count293
\c@maxextratitleyear=\count294
\c@maxextraname=\count295
\c@maxextradate=\count296
\c@maxextraalpha=\count297
\c@abbrvpenalty=\count298
\c@highnamepenalty=\count299
\c@lownamepenalty=\count300
\c@maxparens=\count301
\c@parenlevel=\count302
\blx@tempcnta=\count303
\blx@tempcntb=\count304
\blx@tempcntc=\count305
\blx@maxsection=\count306
\blx@maxsegment@0=\count307
\blx@notetype=\count308
\blx@parenlevel@text=\count309
\blx@parenlevel@foot=\count310
\blx@sectionciteorder@0=\count311
\blx@entrysetcounter=\count312
\blx@biblioinstance=\count313
\labelnumberwidth=\skip53
\labelalphawidth=\skip54
\biblabelsep=\skip55
\bibitemsep=\skip56
\bibnamesep=\skip57
\bibinitsep=\skip58
\bibparsep=\skip59
\bibhang=\skip60
\blx@bcfin=\read2
\blx@bcfout=\write3
\blx@langwohyphens=\language83
\c@mincomprange=\count314
\c@maxcomprange=\count315
\c@mincompwidth=\count316
Package biblatex Info: Trying to load biblatex default data model...
Package biblatex Info: ... file 'blx-dm.def' found.

("C:\Users\Anwender\AppData\Local\Programs\MiKTeX 2.9\tex/latex/biblatex\blx-dm
.def"
File: blx-dm.def 2020/08/23 v3.15a biblatex localization (PK/MW)
)
Package biblatex Info: Trying to load biblatex style data model...
Package biblatex Info: ... file 'apa.dbx' found.

("C:\Users\Anwender\AppData\Local\Programs\MiKTeX 2.9\tex/latex/biblatex-apa\ap
a.dbx"
File: apa.dbx 2020/08/28 v9.14 APA biblatex style data model
)
Package biblatex Info: Trying to load biblatex custom data model...
Package biblatex Info: ... file 'biblatex-dm.cfg' not found.
\c@afterword=\count317
\c@savedafterword=\count318
\c@annotator=\count319
\c@savedannotator=\count320
\c@author=\count321
\c@savedauthor=\count322
\c@bookauthor=\count323
\c@savedbookauthor=\count324
\c@commentator=\count325
\c@savedcommentator=\count326
\c@editor=\count327
\c@savededitor=\count328
\c@editora=\count329
\c@savededitora=\count330
\c@editorb=\count331
\c@savededitorb=\count332
\c@editorc=\count333
\c@savededitorc=\count334
\c@foreword=\count335
\c@savedforeword=\count336
\c@holder=\count337
\c@savedholder=\count338
\c@introduction=\count339
\c@savedintroduction=\count340
\c@namea=\count341
\c@savednamea=\count342
\c@nameb=\count343
\c@savednameb=\count344
\c@namec=\count345
\c@savednamec=\count346
\c@translator=\count347
\c@savedtranslator=\count348
\c@shortauthor=\count349
\c@savedshortauthor=\count350
\c@shorteditor=\count351
\c@savedshorteditor=\count352
\c@groupauthor=\count353
\c@savedgroupauthor=\count354
\c@narrator=\count355
\c@savednarrator=\count356
\c@execproducer=\count357
\c@savedexecproducer=\count358
\c@execdirector=\count359
\c@savedexecdirector=\count360
\c@with=\count361
\c@savedwith=\count362
\c@labelname=\count363
\c@savedlabelname=\count364
\c@institution=\count365
\c@savedinstitution=\count366
\c@lista=\count367
\c@savedlista=\count368
\c@listb=\count369
\c@savedlistb=\count370
\c@listc=\count371
\c@savedlistc=\count372
\c@listd=\count373
\c@savedlistd=\count374
\c@liste=\count375
\c@savedliste=\count376
\c@listf=\count377
\c@savedlistf=\count378
\c@location=\count379
\c@savedlocation=\count380
\c@organization=\count381
\c@savedorganization=\count382
\c@origlocation=\count383
\c@savedoriglocation=\count384
\c@origpublisher=\count385
\c@savedorigpublisher=\count386
\c@publisher=\count387
\c@savedpublisher=\count388
\c@language=\count389
\c@savedlanguage=\count390
\c@origlanguage=\count391
\c@savedoriglanguage=\count392
\c@citation=\count393
\c@savedcitation=\count394
\c@pageref=\count395
\c@savedpageref=\count396
\shorthandwidth=\skip61
\shortjournalwidth=\skip62
\shortserieswidth=\skip63
\shorttitlewidth=\skip64
\shortauthorwidth=\skip65
\shorteditorwidth=\skip66
\locallabelnumberwidth=\skip67
\locallabelalphawidth=\skip68
\localshorthandwidth=\skip69
\localshortjournalwidth=\skip70
\localshortserieswidth=\skip71
\localshorttitlewidth=\skip72
\localshortauthorwidth=\skip73
\localshorteditorwidth=\skip74
Package biblatex Info: Trying to load compatibility code...
Package biblatex Info: ... file 'blx-compat.def' found.

("C:\Users\Anwender\AppData\Local\Programs\MiKTeX 2.9\tex/latex/biblatex\blx-co
mpat.def"
File: blx-compat.def 2020/08/23 v3.15a biblatex compatibility (PK/MW)
)
("C:\Users\Anwender\AppData\Local\Programs\MiKTeX 2.9\tex/latex/l3kernel\expl3.
sty"
Package: expl3 2020-09-03 L3 programming layer (loader) 

("C:\Users\Anwender\AppData\Local\Programs\MiKTeX 2.9\tex/latex/l3backend\l3bac
kend-pdftex.def"
File: l3backend-pdftex.def 2020-09-01 L3 backend support: PDF output (pdfTeX)
\l__kernel_color_stack_int=\count397
\l__pdf_internal_box=\box49
))
Package biblatex Info: expl3
(biblatex)             2020-09-03 L3 programming layer (loader) 
(biblatex)             is new enough (at least 2020/04/06),
(biblatex)             setting 'casechanger=expl3'.
Package biblatex Info: Trying to load expl3 case changing code...
Package biblatex Info: ... file 'blx-case-expl3.def' found.

("C:\Users\Anwender\AppData\Local\Programs\MiKTeX 2.9\tex/latex/biblatex\blx-ca
se-expl3.def"
("C:\Users\Anwender\AppData\Local\Programs\MiKTeX 2.9\tex/latex/l3packages/xpar
se\xparse.sty"
Package: xparse 2020-05-15 L3 Experimental document command parser

("C:\Users\Anwender\AppData\Local\Programs\MiKTeX 2.9\tex/latex/l3packages/xpar
se\xparse-generic.tex"
\l__xparse_current_arg_int=\count398
\g__xparse_grabber_int=\count399
\l__xparse_m_args_int=\count400
\l__xparse_v_nesting_int=\count401
))
File: blx-case-expl3 2020/08/23 v3.15a expl3 case changing code for biblatex
)
Package biblatex Info: Trying to load generic definitions...
Package biblatex Info: ... file 'biblatex.def' found.

("C:\Users\Anwender\AppData\Local\Programs\MiKTeX 2.9\tex/latex/biblatex\biblat
ex.def"
File: biblatex.def 2020/08/23 v3.15a biblatex compatibility (PK/MW)
\c@textcitecount=\count402
\c@textcitetotal=\count403
\c@textcitemaxnames=\count404
\c@biburlbigbreakpenalty=\count405
\c@biburlbreakpenalty=\count406
\c@biburlnumpenalty=\count407
\c@biburlucpenalty=\count408
\c@biburllcpenalty=\count409
\biburlbigskip=\muskip18
\biburlnumskip=\muskip19
\biburlucskip=\muskip20
\biburllcskip=\muskip21
\c@smartand=\count410
)
Package biblatex Info: Trying to load bibliography style 'apa'...
Package biblatex Info: ... file 'apa.bbx' found.

("C:\Users\Anwender\AppData\Local\Programs\MiKTeX 2.9\tex/latex/biblatex-apa\ap
a.bbx"
File: apa.bbx 2020/08/28 v9.14 APA biblatex references style
Package biblatex Info: Trying to load bibliography style 'standard'...
Package biblatex Info: ... file 'standard.bbx' found.

("C:\Users\Anwender\AppData\Local\Programs\MiKTeX 2.9\tex/latex/biblatex/bbx\st
andard.bbx"
File: standard.bbx 2020/08/23 v3.15a biblatex bibliography style (PK/MW)
\c@bbx:relatedcount=\count411
\c@bbx:relatedtotal=\count412
))
Package biblatex Info: Trying to load citation style 'apa'...
Package biblatex Info: ... file 'apa.cbx' found.

("C:\Users\Anwender\AppData\Local\Programs\MiKTeX 2.9\tex/latex/biblatex-apa\ap
a.cbx"
File: apa.cbx 2020/08/28 v9.14 APA biblatex citation style
Package biblatex Info: Delimiter 'nameyeardelim' in context '' already defined,
 overwriting.
Package biblatex Info: Delimiter 'nameyeardelim' in context 'textcite' already 
defined, overwriting.
Package biblatex Info: Delimiter 'andothersdelim' in context '' already defined
, overwriting.
Package biblatex Info: Redefining '\fullcite'.
Package biblatex Info: Redefining '\citeauthor'.
Package biblatex Info: Redefining '\citeyear'.
Package biblatex Info: Redefining '\cite'.
Package biblatex Info: Redefining '\cites'.
Package biblatex Info: Redefining '\parencite'.
Package biblatex Info: Redefining '\parencites'.
Package biblatex Info: Redefining '\footcite'.
Package biblatex Info: Redefining '\footcites'.
Package biblatex Info: Redefining '\footcitetext'.
Package biblatex Info: Redefining '\footcitetexts'.
Package biblatex Info: Redefining '\smartcite'.
Package biblatex Info: Redefining '\smartcites'.
Package biblatex Info: Redefining '\textcite'.
Package biblatex Info: Redefining '\textcites'.
)
Package biblatex Info: Trying to load configuration file...
Package biblatex Info: ... file 'biblatex.cfg' found.

("C:\Users\Anwender\AppData\Local\Programs\MiKTeX 2.9\tex/latex/biblatex\biblat
ex.cfg"
File: biblatex.cfg 
))
("C:\Users\Anwender\AppData\Local\Programs\MiKTeX 2.9\tex/latex/graphics\graphi
cx.sty"
Package: graphicx 2019/11/30 v1.2a Enhanced LaTeX Graphics (DPC,SPQR)

("C:\Users\Anwender\AppData\Local\Programs\MiKTeX 2.9\tex/latex/graphics\graphi
cs.sty"
Package: graphics 2019/11/30 v1.4a Standard LaTeX Graphics (DPC,SPQR)

("C:\Users\Anwender\AppData\Local\Programs\MiKTeX 2.9\tex/latex/graphics\trig.s
ty"
Package: trig 2016/01/03 v1.10 sin cos tan (DPC)
)
("C:\Users\Anwender\AppData\Local\Programs\MiKTeX 2.9\tex/latex/graphics-cfg\gr
aphics.cfg"
File: graphics.cfg 2016/06/04 v1.11 sample graphics configuration
)
Package graphics Info: Driver file: pdftex.def on input line 105.

("C:\Users\Anwender\AppData\Local\Programs\MiKTeX 2.9\tex/latex/graphics-def\pd
ftex.def"
File: pdftex.def 2020/08/26 v1.2 Graphics/color driver for pdftex
))
\Gin@req@height=\dimen166
\Gin@req@width=\dimen167
)
("C:\Users\Anwender\AppData\Local\Programs\MiKTeX 2.9\tex/latex/hyperref\hyperr
ef.sty"
Package: hyperref 2020-05-15 v7.00e Hypertext links for LaTeX

("C:\Users\Anwender\AppData\Local\Programs\MiKTeX 2.9\tex/generic/kvdefinekeys\
kvdefinekeys.sty"
Package: kvdefinekeys 2019-12-19 v1.6 Define keys (HO)
)
("C:\Users\Anwender\AppData\Local\Programs\MiKTeX 2.9\tex/generic/pdfescape\pdf
escape.sty"
Package: pdfescape 2019/12/09 v1.15 Implements pdfTeX's escape features (HO)
)
("C:\Users\Anwender\AppData\Local\Programs\MiKTeX 2.9\tex/latex/hycolor\hycolor
.sty"
Package: hycolor 2019/12/15 v1.9 Color options for hyperref/bookmark (HO)

("C:\Users\Anwender\AppData\Local\Programs\MiKTeX 2.9\tex/latex/hycolor\xcolor-
patch.sty"
Package: xcolor-patch 2019/12/15 xcolor patch

("C:\Users\Anwender\AppData\Local\Programs\MiKTeX 2.9\tex/latex/hopatch\hopatch
.sty"
Package: hopatch 2020-08-01 v1.4 Wrapper for package hooks (HO)

("C:\Users\Anwender\AppData\Local\Programs\MiKTeX 2.9\tex/latex/hopatch\hopatch
-2016-05-16.sty"
Package: hopatch 2020-08-01 v1.4 Wrapper for package hooks / legacy code (v1.3)
 (HO)
))))
("C:\Users\Anwender\AppData\Local\Programs\MiKTeX 2.9\tex/latex/letltxmacro\let
ltxmacro.sty"
Package: letltxmacro 2019/12/03 v1.6 Let assignment for LaTeX macros (HO)
)
("C:\Users\Anwender\AppData\Local\Programs\MiKTeX 2.9\tex/latex/auxhook\auxhook
.sty"
Package: auxhook 2019-12-17 v1.6 Hooks for auxiliary files (HO)
)
\@linkdim=\dimen168
\Hy@linkcounter=\count413
\Hy@pagecounter=\count414

("C:\Users\Anwender\AppData\Local\Programs\MiKTeX 2.9\tex/latex/hyperref\pd1enc
.def"
File: pd1enc.def 2020-05-15 v7.00e Hyperref: PDFDocEncoding definition (HO)
Now handling font encoding PD1 ...
... no UTF-8 mapping file for font encoding PD1
)
("C:\Users\Anwender\AppData\Local\Programs\MiKTeX 2.9\tex/generic/intcalc\intca
lc.sty"
Package: intcalc 2019/12/15 v1.3 Expandable calculations with integers (HO)
)
("C:\Users\Anwender\AppData\Local\Programs\MiKTeX 2.9\tex/generic/etexcmds\etex
cmds.sty"
Package: etexcmds 2019/12/15 v1.7 Avoid name clashes with e-TeX commands (HO)
)
\Hy@SavedSpaceFactor=\count415
Package hyperref Info: Option `unicode' set `true' on input line 4338.

("C:\Users\Anwender\AppData\Local\Programs\MiKTeX 2.9\tex/latex/hyperref\puenc.
def"
File: puenc.def 2020-05-15 v7.00e Hyperref: PDF Unicode definition (HO)
Now handling font encoding PU ...
... no UTF-8 mapping file for font encoding PU
)
Package hyperref Info: Option `linktocpage' set `true' on input line 4338.
Package hyperref Info: Hyper figures OFF on input line 4464.
Package hyperref Info: Link nesting OFF on input line 4469.
Package hyperref Info: Hyper index ON on input line 4472.
Package hyperref Info: Plain pages OFF on input line 4479.
Package hyperref Info: Backreferencing OFF on input line 4484.
Package hyperref Info: Implicit mode ON; LaTeX internals redefined.
Package hyperref Info: Bookmarks ON on input line 4717.
\c@Hy@tempcnt=\count416
LaTeX Info: Redefining \url on input line 5076.
\XeTeXLinkMargin=\dimen169

("C:\Users\Anwender\AppData\Local\Programs\MiKTeX 2.9\tex/generic/bitset\bitset
.sty"
Package: bitset 2019/12/09 v1.3 Handle bit-vector datatype (HO)

("C:\Users\Anwender\AppData\Local\Programs\MiKTeX 2.9\tex/generic/bigintcalc\bi
gintcalc.sty"
Package: bigintcalc 2019/12/15 v1.5 Expandable calculations on big integers (HO
)
))
\Fld@menulength=\count417
\Field@Width=\dimen170
\Fld@charsize=\dimen171
Package hyperref Info: Hyper figures OFF on input line 6347.
Package hyperref Info: Link nesting OFF on input line 6352.
Package hyperref Info: Hyper index ON on input line 6355.
Package hyperref Info: backreferencing OFF on input line 6362.
Package hyperref Info: Link coloring OFF on input line 6367.
Package hyperref Info: Link coloring with OCG OFF on input line 6372.
Package hyperref Info: PDF/A mode OFF on input line 6377.
LaTeX Info: Redefining \ref on input line 6417.
LaTeX Info: Redefining \pageref on input line 6421.

("C:\Users\Anwender\AppData\Local\Programs\MiKTeX 2.9\tex/generic/atbegshi\atbe
gshi.sty"
Package: atbegshi 2019/12/05 v1.19 At begin shipout hook (HO)
)
\Hy@abspage=\count418
\c@Item=\count419
\c@Hfootnote=\count420
)
Package hyperref Info: Driver (autodetected): hpdftex.

("C:\Users\Anwender\AppData\Local\Programs\MiKTeX 2.9\tex/latex/hyperref\hpdfte
x.def"
File: hpdftex.def 2020-05-15 v7.00e Hyperref driver for pdfTeX

("C:\Users\Anwender\AppData\Local\Programs\MiKTeX 2.9\tex/latex/atveryend\atver
yend.sty"
Package: atveryend 2019-12-11 v1.11 Hooks at the very end of document (HO)
)
\Fld@listcount=\count421
\c@bookmark@seq@number=\count422

("C:\Users\Anwender\AppData\Local\Programs\MiKTeX 2.9\tex/latex/rerunfilecheck\
rerunfilecheck.sty"
Package: rerunfilecheck 2019/12/05 v1.9 Rerun checks for auxiliary files (HO)

("C:\Users\Anwender\AppData\Local\Programs\MiKTeX 2.9\tex/generic/uniquecounter
\uniquecounter.sty"
Package: uniquecounter 2019/12/15 v1.4 Provide unlimited unique counter (HO)
)
Package uniquecounter Info: New unique counter `rerunfilecheck' on input line 2
86.
)
\Hy@SectionHShift=\skip75
)
Package hyperref Info: Option `breaklinks' set `true' on input line 72.


Package hyperref Warning: Option `bookmarks' has already been used,
(hyperref)                setting the option has no effect on input line 72.

Package hyperref Info: Option `colorlinks' set `true' on input line 72.

("C:\Users\Anwender\AppData\Local\Programs\MiKTeX 2.9\tex/latex/titling\titling
.sty"
Package: titling 2009/09/04 v2.1d maketitle typesetting
\thanksmarkwidth=\skip76
\thanksmargin=\skip77
\droptitle=\skip78
)
("C:\Users\Anwender\AppData\Local\Programs\MiKTeX 2.9\tex/latex/tools\array.sty
"
Package: array 2019/08/31 v2.4l Tabular extension package (FMi)
\col@sep=\dimen172
\ar@mcellbox=\box50
\extrarowheight=\dimen173
\NC@list=\toks29
\extratabsurround=\skip79
\backup@length=\skip80
\ar@cellbox=\box51
)
("C:\Users\Anwender\AppData\Local\Programs\MiKTeX 2.9\tex/latex/tools\dcolumn.s
ty"
Package: dcolumn 2014/10/28 v1.06 decimal alignment package (DPC)
)
("C:\Users\Anwender\AppData\Local\Programs\MiKTeX 2.9\tex/latex/threeparttable\
threeparttable.sty"
Package: threeparttable 2003/06/13  v 3.0
\@tempboxb=\box52
)
("C:\Users\Anwender\AppData\Local\Programs\MiKTeX 2.9\tex/latex/caption\caption
.sty"
Package: caption 2020/09/02 v3.5a Customizing captions (AR)

("C:\Users\Anwender\AppData\Local\Programs\MiKTeX 2.9\tex/latex/caption\caption
3.sty"
Package: caption3 2020/08/30 v2.0 caption3 kernel (AR)
\captionmargin=\dimen174
\captionmargin@=\dimen175
\captionwidth=\dimen176
\caption@tempdima=\dimen177
\caption@indent=\dimen178
\caption@parindent=\dimen179
\caption@hangindent=\dimen180
Package caption Info: Standard document class detected.
)
\c@caption@flags=\count423
\c@continuedfloat=\count424
Package caption Info: float package is loaded.
Package caption Info: hyperref package is loaded.
Package caption Info: threeparttable package is loaded.
)
("C:\Users\Anwender\AppData\Local\Programs\MiKTeX 2.9\tex/latex/tools\tabularx.
sty"
Package: tabularx 2020/01/15 v2.11c `tabularx' package (DPC)
\TX@col@width=\dimen181
\TX@old@table=\dimen182
\TX@old@col=\dimen183
\TX@target=\dimen184
\TX@delta=\dimen185
\TX@cols=\count425
\TX@ftn=\toks30
)
("C:\Users\Anwender\AppData\Local\Programs\MiKTeX 2.9\tex/latex/ragged2e\ragged
2e.sty"
Package: ragged2e 2019/07/28 v2.2 ragged2e Package (MS)

("C:\Users\Anwender\AppData\Local\Programs\MiKTeX 2.9\tex/latex/ms\everysel.sty
"
Package: everysel 2011/10/28 v1.2 EverySelectfont Package (MS)
)
\CenteringLeftskip=\skip81
\RaggedLeftLeftskip=\skip82
\RaggedRightLeftskip=\skip83
\CenteringRightskip=\skip84
\RaggedLeftRightskip=\skip85
\RaggedRightRightskip=\skip86
\CenteringParfillskip=\skip87
\RaggedLeftParfillskip=\skip88
\RaggedRightParfillskip=\skip89
\JustifyingParfillskip=\skip90
\CenteringParindent=\skip91
\RaggedLeftParindent=\skip92
\RaggedRightParindent=\skip93
\JustifyingParindent=\skip94
)
("C:\Users\Anwender\AppData\Local\Programs\MiKTeX 2.9\tex/latex/eqparbox\eqparb
ox.sty"
Package: eqparbox 2017/09/03 v4.1 Create equal-widthed boxes
\eqp@tempdima=\skip95
\eqp@tempdimb=\skip96
\eqp@tabular@box=\box53
\eqp@list@box=\box54
\eqp@list@indent=\skip97

("C:\Users\Anwender\AppData\Local\Programs\MiKTeX 2.9\tex/latex/environ\environ
.sty"
Package: environ 2014/05/04 v0.3 A new way to define environments

("C:\Users\Anwender\AppData\Local\Programs\MiKTeX 2.9\tex/latex/trimspaces\trim
spaces.sty"
Package: trimspaces 2009/09/17 v1.1 Trim spaces around a token list
)))
("C:\Users\Anwender\AppData\Local\Programs\MiKTeX 2.9\tex/latex/siunitx\siunitx
.sty"
Package: siunitx 2020/02/25 v2.8b A comprehensive (SI) units package

("C:\Users\Anwender\AppData\Local\Programs\MiKTeX 2.9\tex/latex/l3packages/l3ke
ys2e\l3keys2e.sty"
Package: l3keys2e 2020-05-15 LaTeX2e option processing using LaTeX3 keys
)
\l__siunitx_tmp_box=\box55
\l__siunitx_tmp_dim=\dimen186
\l__siunitx_tmp_int=\count426
\l__siunitx_number_mantissa_length_int=\count427
\l__siunitx_number_uncert_length_int=\count428
\l__siunitx_round_int=\count429
\l__siunitx_process_decimal_int=\count430
\l__siunitx_process_uncertainty_int=\count431
\l__siunitx_process_fixed_int=\count432
\l__siunitx_process_integer_min_int=\count433
\l__siunitx_process_precision_int=\count434
\l__siunitx_group_min_int=\count435
\l__siunitx_angle_marker_box=\box56
\l__siunitx_angle_unit_box=\box57
\l__siunitx_angle_marker_dim=\dimen187
\l__siunitx_angle_unit_dim=\dimen188
\l__siunitx_unit_int=\count436
\l__siunitx_unit_denominator_int=\count437
\l__siunitx_unit_numerator_int=\count438
\l__siunitx_unit_prefix_int=\count439
\l__siunitx_unit_prefix_base_int=\count440
\l__siunitx_unit_prefix_gram_int=\count441
\l__siunitx_number_product_int=\count442
\c__siunitx_one_fill_skip=\skip98
\l__siunitx_table_unit_align_skip=\skip99
\l__siunitx_table_exponent_dim=\dimen189
\l__siunitx_table_integer_dim=\dimen190
\l__siunitx_table_mantissa_dim=\dimen191
\l__siunitx_table_marker_dim=\dimen192
\l__siunitx_table_result_dim=\dimen193
\l__siunitx_table_uncert_dim=\dimen194
\l__siunitx_table_fill_pre_dim=\dimen195
\l__siunitx_table_fill_post_dim=\dimen196
\l__siunitx_table_fill_mid_dim=\dimen197
\l__siunitx_table_pre_box=\box58
\l__siunitx_table_post_box=\box59
\l__siunitx_table_mantissa_box=\box60
\l__siunitx_table_result_box=\box61
\l__siunitx_table_number_align_skip=\skip100
\l__siunitx_table_text_align_skip=\skip101

("C:\Users\Anwender\AppData\Local\Programs\MiKTeX 2.9\tex/latex/translator\tran
slator.sty"
Package: translator 2020-08-03 v1.12c Easy translation of strings in LaTeX
))
("C:\Users\Anwender\AppData\Local\Programs\MiKTeX 2.9\tex/latex/collcell\collce
ll.sty"
Package: collcell 2011/02/27 v0.5 Collect the content of a tabular cell
\collect@cell@count=\count443
)
("C:\Users\Anwender\AppData\Local\Programs\MiKTeX 2.9\tex/latex/makecell\makece
ll.sty"
Package: makecell 2009/08/03 V0.1e Managing of Tab Column Heads and Cells
\rotheadsize=\dimen198
\c@nlinenum=\count444
\TeXr@lab=\toks31
)
("C:\Users\Anwender\AppData\Local\Programs\MiKTeX 2.9\tex/latex/tools\longtable
.sty"
Package: longtable 2020/01/07 v4.13 Multi-page Table package (DPC)
\LTleft=\skip102
\LTright=\skip103
\LTpre=\skip104
\LTpost=\skip105
\LTchunksize=\count445
\LTcapwidth=\dimen199
\LT@head=\box62
\LT@firsthead=\box63
\LT@foot=\box64
\LT@lastfoot=\box65
\LT@cols=\count446
\LT@rows=\count447
\c@LT@tables=\count448
\c@LT@chunks=\count449
\LT@p@ftn=\toks32
)
("C:\Users\Anwender\AppData\Local\Programs\MiKTeX 2.9\tex/latex/multirow\multir
ow.sty"
Package: multirow 2019/05/31 v2.5 Span multiple rows of a table
\multirow@colwidth=\skip106
\multirow@cntb=\count450
\multirow@dima=\skip107
\bigstrutjot=\dimen256
)
("C:\Users\Anwender\AppData\Local\Programs\MiKTeX 2.9\tex/latex/wrapfig\wrapfig
.sty"
\wrapoverhang=\dimen257
\WF@size=\dimen258
\c@WF@wrappedlines=\count451
\WF@box=\box66
\WF@everypar=\toks33
Package: wrapfig 2003/01/31  v 3.6
)
("C:\Users\Anwender\AppData\Local\Programs\MiKTeX 2.9\tex/latex/colortbl\colort
bl.sty"
Package: colortbl 2020/01/04 v1.0e Color table columns (DPC)

("C:\Users\Anwender\AppData\Local\Programs\MiKTeX 2.9\tex/latex/graphics\color.
sty"
Package: color 2019/11/23 v1.2a Standard LaTeX Color (DPC)

("C:\Users\Anwender\AppData\Local\Programs\MiKTeX 2.9\tex/latex/graphics-cfg\co
lor.cfg"
File: color.cfg 2016/01/02 v1.6 sample color configuration
)
Package color Info: Driver file: pdftex.def on input line 147.
)
\everycr=\toks34
\minrowclearance=\skip108
)
("C:\Users\Anwender\AppData\Local\Programs\MiKTeX 2.9\tex/latex/pdflscape\pdfls
cape.sty"
Package: pdflscape 2019/12/05 v0.12 Display of landscape pages in PDF (HO)

("C:\Users\Anwender\AppData\Local\Programs\MiKTeX 2.9\tex/latex/graphics\lscape
.sty"
Package: lscape 2000/10/22 v3.01 Landscape Pages (DPC)
)
Package pdflscape Info: Auto-detected driver: pdftex on input line 81.
)
("C:\Users\Anwender\AppData\Local\Programs\MiKTeX 2.9\tex/latex/tabu\tabu.sty"
Package: tabu 2019/01/11 v2.9 - flexible LaTeX tabulars (FC+tabu-fixed)

("C:\Users\Anwender\AppData\Local\Programs\MiKTeX 2.9\tex/latex/varwidth\varwid
th.sty"
Package: varwidth 2009/03/30 ver 0.92;  Variable-width minipages
\@vwid@box=\box67
\sift@deathcycles=\count452
\@vwid@loff=\dimen259
\@vwid@roff=\dimen260
)
\c@taburow=\count453
\tabu@nbcols=\count454
\tabu@cnt=\count455
\tabu@Xcol=\count456
\tabu@alloc=\count457
\tabu@nested=\count458
\tabu@target=\dimen261
\tabu@spreadtarget=\dimen262
\tabu@naturalX=\dimen263
\tabucolX=\dimen264
\tabu@Xsum=\dimen265
\extrarowdepth=\dimen266
\abovetabulinesep=\dimen267
\belowtabulinesep=\dimen268
\tabustrutrule=\dimen269
\tabu@thebody=\toks35
\tabu@footnotes=\toks36
\tabu@box=\box68
\tabu@arstrutbox=\box69
\tabu@hleads=\box70
\tabu@vleads=\box71
\tabu@cellskip=\skip109
)
("C:\Users\Anwender\AppData\Local\Programs\MiKTeX 2.9\tex/latex/threeparttablex
\threeparttablex.sty"
Package: threeparttablex 2013/07/23 v0.3 by daleif
\TPTL@width=\skip110
)
("C:\Users\Anwender\AppData\Local\Programs\MiKTeX 2.9\tex/latex/ulem\ulem.sty"
\UL@box=\box72
\UL@hyphenbox=\box73
\UL@skip=\skip111
\UL@hook=\toks37
\UL@height=\dimen270
\UL@pe=\count459
\UL@pixel=\dimen271
\ULC@box=\box74
Package: ulem 2019/11/18
\ULdepth=\dimen272
)
("C:\Users\Anwender\AppData\Local\Programs\MiKTeX 2.9\tex/latex/setspace\setspa
ce.sty"
Package: setspace 2011/12/19 v6.7a set line spacing
)
("C:\Users\Anwender\AppData\Local\Programs\MiKTeX 2.9\tex/generic/oberdiek\ifla
ng.sty"
Package: iflang 2018/01/21 v1.7 Checks for the current language (HO)
Package iflang Info: Naming convention for patterns: babel.
)
("C:\Users\Anwender\AppData\Local\Programs\MiKTeX 2.9\tex/generic/genmisc\nth.s
ty"
Package: nth 2002/02/27
)
("C:\Users\Anwender\AppData\Local\Programs\MiKTeX 2.9\tex/generic/babel\babel.s
ty"
Package: babel 2020/09/01 3.48 The Babel package

("C:\Users\Anwender\AppData\Local\Programs\MiKTeX 2.9\tex/generic/babel\babel.d
ef"
File: babel.def 2020/09/01 3.48 Babel common definitions
\babel@savecnt=\count460
\U@D=\dimen273
\l@babelnohyphens=\language84

("C:\Users\Anwender\AppData\Local\Programs\MiKTeX 2.9\tex/generic/babel\txtbabe
l.def")
\bbl@readstream=\read3
)
\bbl@dirlevel=\count461

*************************************
* Local config file bblopts.cfg used
*

("C:\Users\Anwender\AppData\Local\Programs\MiKTeX 2.9\tex/latex/arabi\bblopts.c
fg"
File: bblopts.cfg 2005/09/08 v0.1 add Arabic and Farsi to "declared" options of
 babel
)
("C:\Users\Anwender\AppData\Local\Programs\MiKTeX 2.9\tex/latex/babel-german\ng
erman.ldf"
Language: ngerman 2020/07/21 v2.12 German support for babel (post-1996 orthogra
phy)

("C:\Users\Anwender\AppData\Local\Programs\MiKTeX 2.9\tex/latex/babel-german\ng
ermanb.ldf"
Language: ngermanb 2020/07/21 v2.12 German support for babel (post-1996 orthogr
aphy)
Package babel Info: Making " an active character on input line 121.
))
("C:\Users\Anwender\AppData\Local\Programs\MiKTeX 2.9\tex/latex/babel-english\e
nglish.ldf"
Language: english 2017/06/06 v3.3r English support from the babel system
Package babel Info: \l@canadian = using hyphenrules for english
(babel)             (\language0) on input line 102.
Package babel Info: \l@australian = using hyphenrules for ukenglish
(babel)             (\language77) on input line 105.
Package babel Info: \l@newzealand = using hyphenrules for ukenglish
(babel)             (\language77) on input line 108.
))
("C:\Users\Anwender\AppData\Local\Programs\MiKTeX 2.9\tex/latex/acronym\acronym
.sty"
Package: acronym 2020/04/17 v1.47 Support for acronyms (Tobias Oetiker)

("C:\Users\Anwender\AppData\Local\Programs\MiKTeX 2.9\tex/latex/bigfoot\suffix.
sty"
Package: suffix 2006/07/15 1.5a Variant command support
)
("C:\Users\Anwender\AppData\Local\Programs\MiKTeX 2.9\tex/latex/xstring\xstring
.sty"
("C:\Users\Anwender\AppData\Local\Programs\MiKTeX 2.9\tex/generic/xstring\xstri
ng.tex"
\integerpart=\count462
\decimalpart=\count463
)
Package: xstring 2019/02/06 v1.83 String manipulations (CT)
)
\AC@clearlist=\toks38
)
("C:\Users\Anwender\AppData\Local\Programs\MiKTeX 2.9\tex/latex/changepage\chan
gepage.sty"
Package: changepage 2009/10/20 v1.0c check page and change page layout
\c@cp@cntr=\count464
\cp@tempcnt=\count465
)
("C:\Users\Anwender\AppData\Local\Programs\MiKTeX 2.9\tex/latex/tools\multicol.
sty"
Package: multicol 2019/12/09 v1.8y multicolumn formatting (FMi)
\c@tracingmulticols=\count466
\mult@box=\box75
\multicol@leftmargin=\dimen274
\c@unbalance=\count467
\c@collectmore=\count468
\doublecol@number=\count469
\multicoltolerance=\count470
\multicolpretolerance=\count471
\full@width=\dimen275
\page@free=\dimen276
\premulticols=\dimen277
\postmulticols=\dimen278
\multicolsep=\skip112
\multicolbaselineskip=\skip113
\partial@page=\box76
\last@line=\box77
\maxbalancingoverflow=\dimen279
\mult@rightbox=\box78
\mult@grightbox=\box79
\mult@gfirstbox=\box80
\mult@firstbox=\box81
\@tempa=\box82
\@tempa=\box83
\@tempa=\box84
\@tempa=\box85
\@tempa=\box86
\@tempa=\box87
\@tempa=\box88
\@tempa=\box89
\@tempa=\box90
\@tempa=\box91
\@tempa=\box92
\@tempa=\box93
\@tempa=\box94
\@tempa=\box95
\@tempa=\box96
\@tempa=\box97
\@tempa=\box98
\@tempa=\box99
\@tempa=\box100
\@tempa=\box101
\@tempa=\box102
\@tempa=\box103
\@tempa=\box104
\@tempa=\box105
\@tempa=\box106
\@tempa=\box107
\@tempa=\box108
\@tempa=\box109
\@tempa=\box110
\@tempa=\box111
\@tempa=\box112
\@tempa=\box113
\@tempa=\box114
\@tempa=\box115
\@tempa=\box116
\@tempa=\box117
\@tempa=\box118
\c@minrows=\count472
\c@columnbadness=\count473
\c@finalcolumnbadness=\count474
\last@try=\dimen280
\multicolovershoot=\dimen281
\multicolundershoot=\dimen282
\mult@nat@firstbox=\box119
\colbreak@box=\box120
\mc@col@check@num=\count475
)
Package csquotes Info: Checking for multilingual support...
Package csquotes Info: ... found 'babel' package.
Package csquotes Info: Adjusting default style.
Package csquotes Info: Redefining alias 'default' -> 'english'.

No file term_paper_eem.aux.
\openout1 = `term_paper_eem.aux'.

LaTeX Font Info:    Checking defaults for OML/cmm/m/it on input line 140.
LaTeX Font Info:    ... okay on input line 140.
LaTeX Font Info:    Checking defaults for OMS/cmsy/m/n on input line 140.
LaTeX Font Info:    ... okay on input line 140.
LaTeX Font Info:    Checking defaults for OT1/cmr/m/n on input line 140.
LaTeX Font Info:    ... okay on input line 140.
LaTeX Font Info:    Checking defaults for T1/cmr/m/n on input line 140.
LaTeX Font Info:    ... okay on input line 140.
LaTeX Font Info:    Checking defaults for TS1/cmr/m/n on input line 140.
LaTeX Font Info:    ... okay on input line 140.
LaTeX Font Info:    Checking defaults for OMX/cmex/m/n on input line 140.
LaTeX Font Info:    ... okay on input line 140.
LaTeX Font Info:    Checking defaults for U/cmr/m/n on input line 140.
LaTeX Font Info:    ... okay on input line 140.
LaTeX Font Info:    Checking defaults for PD1/pdf/m/n on input line 140.
LaTeX Font Info:    ... okay on input line 140.
LaTeX Font Info:    Checking defaults for PU/pdf/m/n on input line 140.
LaTeX Font Info:    ... okay on input line 140.
LaTeX Info: Redefining \microtypecontext on input line 140.
Package microtype Info: Generating PDF output.
Package microtype Info: Character protrusion enabled (level 2).
Package microtype Info: Using protrusion set `basicmath'.
Package microtype Info: Automatic font expansion enabled (level 2),
(microtype)             stretch: 20, shrink: 20, step: 1, non-selected.
Package microtype Info: Using default expansion set `basictext'.
LaTeX Info: Redefining \showhyphens on input line 140.
Package microtype Info: No adjustment of tracking.
Package microtype Info: No adjustment of interword spacing.
Package microtype Info: No adjustment of character kerning.

("C:\Users\Anwender\AppData\Local\Programs\MiKTeX 2.9\tex/latex/microtype\mt-cm
r.cfg"
File: mt-cmr.cfg 2013/05/19 v2.2 microtype config. file: Computer Modern Roman 
(RS)
)
*geometry* driver: auto-detecting
*geometry* detected driver: pdftex
*geometry* verbose mode - [ preamble ] result:
* driver: pdftex
* paper: a4paper
* layout: <same size as paper>
* layoutoffset:(h,v)=(0.0pt,0.0pt)
* modes: 
* h-part:(L,W,R)=(85.35826pt, 441.01773pt, 71.13188pt)
* v-part:(T,H,B)=(71.13188pt, 702.78308pt, 71.13188pt)
* \paperwidth=597.50787pt
* \paperheight=845.04684pt
* \textwidth=441.01773pt
* \textheight=702.78308pt
* \oddsidemargin=13.08827pt
* \evensidemargin=13.08827pt
* \topmargin=-38.1381pt
* \headheight=12.0pt
* \headsep=25.0pt
* \topskip=12.0pt
* \footskip=30.0pt
* \marginparwidth=35.0pt
* \marginparsep=10.0pt
* \columnsep=10.0pt
* \skip\footins=10.8pt plus 4.0pt minus 2.0pt
* \hoffset=0.0pt
* \voffset=0.0pt
* \mag=1000
* \@twocolumnfalse
* \@twosidefalse
* \@mparswitchfalse
* \@reversemarginfalse
* (1in=72.27pt=25.4mm, 1cm=28.453pt)

Package biblatex Info: Trying to load language 'english' -> 'english-apa'...
Package biblatex Info: ... file 'english-apa.lbx' found.

("C:\Users\Anwender\AppData\Local\Programs\MiKTeX 2.9\tex/latex/biblatex-apa\en
glish-apa.lbx"
File: english-apa.lbx 2020/08/28 v9.14 APA biblatex localisation
Package biblatex Info: Trying to load language 'english'...
Package biblatex Info: ... file 'english.lbx' found.

("C:\Users\Anwender\AppData\Local\Programs\MiKTeX 2.9\tex/latex/biblatex/lbx\en
glish.lbx"
File: english.lbx 2020/08/23 v3.15a biblatex localization (PK/MW)
)
Package biblatex Info: Trying to load language 'american' -> 'american-apa'...
Package biblatex Info: ... file 'american-apa.lbx' found.

("C:\Users\Anwender\AppData\Local\Programs\MiKTeX 2.9\tex/latex/biblatex-apa\am
erican-apa.lbx"
File: american-apa.lbx 2020/08/28 v9.14 APA biblatex localisation
Package biblatex Info: Trying to load language 'american'...
Package biblatex Info: ... file 'american.lbx' found.

("C:\Users\Anwender\AppData\Local\Programs\MiKTeX 2.9\tex/latex/biblatex/lbx\am
erican.lbx"
File: american.lbx 2020/08/23 v3.15a biblatex localization (PK/MW)
Package biblatex Info: Trying to load language 'english'...
Package biblatex Info: ... file 'english.lbx' found.

("C:\Users\Anwender\AppData\Local\Programs\MiKTeX 2.9\tex/latex/biblatex/lbx\en
glish.lbx"
File: english.lbx 2020/08/23 v3.15a biblatex localization (PK/MW)
))))
Package biblatex Info: Trying to load language 'ngerman' -> 'ngerman-apa'...
Package biblatex Info: ... file 'ngerman-apa.lbx' found.

("C:\Users\Anwender\AppData\Local\Programs\MiKTeX 2.9\tex/latex/biblatex-apa\ng
erman-apa.lbx"
File: ngerman-apa.lbx 2020/08/28 v9.14 APA biblatex localisation
Package biblatex Info: Trying to load language 'ngerman'...
Package biblatex Info: ... file 'ngerman.lbx' found.

("C:\Users\Anwender\AppData\Local\Programs\MiKTeX 2.9\tex/latex/biblatex/lbx\ng
erman.lbx"
File: ngerman.lbx 2020/08/23 v3.15a biblatex localization (PK/MW)
Package biblatex Info: Trying to load language 'german' -> 'german-apa'...
Package biblatex Info: ... file 'german-apa.lbx' found.

("C:\Users\Anwender\AppData\Local\Programs\MiKTeX 2.9\tex/latex/biblatex-apa\ge
rman-apa.lbx"
File: german-apa.lbx 2020/08/28 v9.14 APA biblatex localisation
Package biblatex Info: Trying to load language 'german'...
Package biblatex Info: ... file 'german.lbx' found.

("C:\Users\Anwender\AppData\Local\Programs\MiKTeX 2.9\tex/latex/biblatex/lbx\ge
rman.lbx"
File: german.lbx 2020/08/23 v3.15a biblatex localization (PK/MW)
)))
Package biblatex Info: Trying to load language 'ngerman'...
Package biblatex Info: ... file 'ngerman.lbx' found.

("C:\Users\Anwender\AppData\Local\Programs\MiKTeX 2.9\tex/latex/biblatex/lbx\ng
erman.lbx"
File: ngerman.lbx 2020/08/23 v3.15a biblatex localization (PK/MW)
Package biblatex Info: Trying to load language 'german' -> 'german-apa'...
Package biblatex Info: ... file 'german-apa.lbx' found.

("C:\Users\Anwender\AppData\Local\Programs\MiKTeX 2.9\tex/latex/biblatex-apa\ge
rman-apa.lbx"
File: german-apa.lbx 2020/08/28 v9.14 APA biblatex localisation
Package biblatex Info: Trying to load language 'german'...
Package biblatex Info: ... file 'german.lbx' found.

("C:\Users\Anwender\AppData\Local\Programs\MiKTeX 2.9\tex/latex/biblatex/lbx\ge
rman.lbx"
File: german.lbx 2020/08/23 v3.15a biblatex localization (PK/MW)
))))
Package biblatex Info: Input encoding 'utf8' detected.
Package biblatex Info: Automatic encoding selection.
(biblatex)             Assuming data encoding 'utf8'.
\openout3 = `term_paper_eem.bcf'.

Package biblatex Info: Trying to load bibliographic data...
Package biblatex Info: ... file 'term_paper_eem.bbl' not found.

No file term_paper_eem.bbl.
Package biblatex Info: Reference section=0 on input line 140.
Package biblatex Info: Reference segment=0 on input line 140.

("C:\Users\Anwender\AppData\Local\Programs\MiKTeX 2.9\tex/context/base/mkii\sup
p-pdf.mkii"
[Loading MPS to PDF converter (version 2006.09.02).]
\scratchcounter=\count476
\scratchdimen=\dimen283
\scratchbox=\box121
\nofMPsegments=\count477
\nofMParguments=\count478
\everyMPshowfont=\toks39
\MPscratchCnt=\count479
\MPscratchDim=\dimen284
\MPnumerator=\count480
\makeMPintoPDFobject=\count481
\everyMPtoPDFconversion=\toks40
)
("C:\Users\Anwender\AppData\Local\Programs\MiKTeX 2.9\tex/latex/epstopdf-pkg\ep
stopdf-base.sty"
Package: epstopdf-base 2019-12-09 v2.10 Base part for package epstopdf
Package epstopdf-base Info: Redefining graphics rule for `.eps' on input line 4
85.
)
\AtBeginShipoutBox=\box122
Package hyperref Info: Link coloring ON on input line 140.

("C:\Users\Anwender\AppData\Local\Programs\MiKTeX 2.9\tex/latex/hyperref\namere
f.sty"
Package: nameref 2019/09/16 v2.46 Cross-referencing by name of section

("C:\Users\Anwender\AppData\Local\Programs\MiKTeX 2.9\tex/latex/refcount\refcou
nt.sty"
Package: refcount 2019/12/15 v3.6 Data extraction from label references (HO)
)
("C:\Users\Anwender\AppData\Local\Programs\MiKTeX 2.9\tex/generic/gettitlestrin
g\gettitlestring.sty"
Package: gettitlestring 2019/12/15 v1.6 Cleanup title references (HO)
)
\c@section@level=\count482
)
LaTeX Info: Redefining \ref on input line 140.
LaTeX Info: Redefining \pageref on input line 140.
LaTeX Info: Redefining \nameref on input line 140.
\@outlinefile=\write4
\openout4 = `term_paper_eem.out'.

Package caption Info: Begin \AtBeginDocument code.
Package caption Info: changepage package is loaded.
\caption@adjustwidth@hsize=\dimen285
\caption@adjustwidth@linewidth=\dimen286
Package caption Info: longtable package is loaded.

("C:\Users\Anwender\AppData\Local\Programs\MiKTeX 2.9\tex/latex/caption\ltcapti
on.sty"
Package: ltcaption 2020/05/30 v1.4b longtable captions (AR)
)
Package caption Info: wrapfig package is loaded.
Package caption Info: End \AtBeginDocument code.
 ABD: EverySelectfont initializing macros
LaTeX Info: Redefining \selectfont on input line 140.

("C:\Users\Anwender\AppData\Local\Programs\MiKTeX 2.9\tex/latex/translator\tran
slator-basic-dictionary-English.dict"
Dictionary: translator-basic-dictionary, Language: English 
)
("C:\Users\Anwender\AppData\Local\Programs\MiKTeX 2.9\tex/latex/siunitx\siunitx
-abbreviations.cfg"
File: siunitx-abbreviations.cfg 2017/11/26 v2.7k siunitx: Abbreviated units
)
LaTeX Font Info:    Trying to load font information for OT1+lmr on input line 1
40.

("C:\Users\Anwender\AppData\Local\Programs\MiKTeX 2.9\tex/latex/lm\ot1lmr.fd"
File: ot1lmr.fd 2009/10/30 v1.6 Font defs for Latin Modern
)
LaTeX Font Info:    Trying to load font information for OML+lmm on input line 1
40.

("C:\Users\Anwender\AppData\Local\Programs\MiKTeX 2.9\tex/latex/lm\omllmm.fd"
File: omllmm.fd 2009/10/30 v1.6 Font defs for Latin Modern
)
LaTeX Font Info:    Trying to load font information for OMS+lmsy on input line 
140.

("C:\Users\Anwender\AppData\Local\Programs\MiKTeX 2.9\tex/latex/lm\omslmsy.fd"
File: omslmsy.fd 2009/10/30 v1.6 Font defs for Latin Modern
)
LaTeX Font Info:    Trying to load font information for OMX+lmex on input line 
140.
("C:\Users\Anwender\AppData\Local\Programs\MiKTeX 2.9\tex/latex/lm\omxlmex.fd"
File: omxlmex.fd 2009/10/30 v1.6 Font defs for Latin Modern
)
LaTeX Font Info:    External font `lmex10' loaded for size
(Font)              <12> on input line 140.
LaTeX Font Info:    External font `lmex10' loaded for size
(Font)              <8> on input line 140.
LaTeX Font Info:    External font `lmex10' loaded for size
(Font)              <6> on input line 140.
LaTeX Font Info:    Trying to load font information for U+msa on input line 140
.

("C:\Users\Anwender\AppData\Local\Programs\MiKTeX 2.9\tex/latex/amsfonts\umsa.f
d"
File: umsa.fd 2013/01/14 v3.01 AMS symbols A
)
("C:\Users\Anwender\AppData\Local\Programs\MiKTeX 2.9\tex/latex/microtype\mt-ms
a.cfg"
File: mt-msa.cfg 2006/02/04 v1.1 microtype config. file: AMS symbols (a) (RS)
)
LaTeX Font Info:    Trying to load font information for U+msb on input line 140
.

("C:\Users\Anwender\AppData\Local\Programs\MiKTeX 2.9\tex/latex/amsfonts\umsb.f
d"
File: umsb.fd 2013/01/14 v3.01 AMS symbols B
)
("C:\Users\Anwender\AppData\Local\Programs\MiKTeX 2.9\tex/latex/microtype\mt-ms
b.cfg"
File: mt-msb.cfg 2005/06/01 v1.0 microtype config. file: AMS symbols (b) (RS)
)
LaTeX Font Info:    Trying to load font information for OT1+lmss on input line 
140.

("C:\Users\Anwender\AppData\Local\Programs\MiKTeX 2.9\tex/latex/lm\ot1lmss.fd"
File: ot1lmss.fd 2009/10/30 v1.6 Font defs for Latin Modern
)
Package microtype Info: Loading generic protrusion settings for font family
(microtype)             `lmss' (encoding: OT1).
(microtype)             For optimal results, create family-specific settings.
(microtype)             See the microtype manual for details.
LaTeX Font Info:    Trying to load font information for OT1+lmtt on input line 
140.
("C:\Users\Anwender\AppData\Local\Programs\MiKTeX 2.9\tex/latex/lm\ot1lmtt.fd"
File: ot1lmtt.fd 2009/10/30 v1.6 Font defs for Latin Modern
)
Underfull \hbox (badness 10000) in paragraph at lines 149--152

 []

<Includes/duelogo_en.png, id=3, 230.8625pt x 89.33376pt>
File: Includes/duelogo_en.png Graphic file (type png)
<use Includes/duelogo_en.png>
Package pdftex.def Info: Includes/duelogo_en.png  used on input line 156.
(pdftex.def)             Requested size: 142.26315pt x 55.04965pt.

Overfull \hbox (2.61105pt too wide) in paragraph at lines 148--161
$[]$ $[]$ 
 []


LaTeX Warning: Citation 'brunello' on page 1 undefined on input line 164.


Overfull \hbox (2.61105pt too wide) in paragraph at lines 178--184
[] [] 
 []


Overfull \hbox (2.61105pt too wide) in paragraph at lines 185--191
[] [] 
 []

[1

{C:/Users/Anwender/AppData/Local/MiKTeX/2.9/pdftex/config/pdftex.map} <./Includ
es/duelogo_en.png>]
*geometry* verbose mode - [ newgeometry ] result:
* driver: pdftex
* paper: a4paper
* layout: <same size as paper>
* layoutoffset:(h,v)=(0.0pt,0.0pt)
* modes: 
* h-part:(L,W,R)=(142.26378pt, 384.11221pt, 71.13188pt)
* v-part:(T,H,B)=(56.9055pt, 717.00946pt, 71.13188pt)
* \paperwidth=597.50787pt
* \paperheight=845.04684pt
* \textwidth=384.11221pt
* \textheight=717.00946pt
* \oddsidemargin=69.99379pt
* \evensidemargin=69.99379pt
* \topmargin=-52.36449pt
* \headheight=12.0pt
* \headsep=25.0pt
* \topskip=12.0pt
* \footskip=30.0pt
* \marginparwidth=35.0pt
* \marginparsep=10.0pt
* \columnsep=10.0pt
* \skip\footins=10.8pt plus 4.0pt minus 2.0pt
* \hoffset=0.0pt
* \voffset=0.0pt
* \mag=1000
* \@twocolumnfalse
* \@twosidefalse
* \@mparswitchfalse
* \@reversemarginfalse
* (1in=72.27pt=25.4mm, 1cm=28.453pt)



Package hyperref Warning: old toc file detected, not used; run LaTeX again.

\tf@toc=\write5
\openout5 = `term_paper_eem.toc'.

[1

]

Package hyperref Warning: old lof file detected, not used; run LaTeX again.

\tf@lof=\write6
\openout6 = `term_paper_eem.lof'.


Package hyperref Warning: old lot file detected, not used; run LaTeX again.

\tf@lot=\write7
\openout7 = `term_paper_eem.lot'.

[2]

LaTeX Warning: Citation 'brunello' on page 1 undefined on input line 277.


LaTeX Warning: Citation 'brunello' on page 1 undefined on input line 289.


LaTeX Warning: Citation 'brunello' on page 1 undefined on input line 295.

pdfTeX warning (ext4): destination with the same identifier (name{page.1}) has 
been already used, duplicate ignored
<to be read again> 
                   \relax 
l.321 \begin{align}
                   \ln\left(w_{i}\right)=\beta s_{i}+s_{i}\left(\lambda a_{i...
[1

] [2]

LaTeX Warning: Citation 'brunello' on page 3 undefined on input line 364.

[3]

LaTeX Warning: Citation 'brunello' on page 4 undefined on input line 447.

LaTeX Font Info:    Trying to load font information for TS1+lmr on input line 4
51.
("C:\Users\Anwender\AppData\Local\Programs\MiKTeX 2.9\tex/latex/lm\ts1lmr.fd"
File: ts1lmr.fd 2009/10/30 v1.6 Font defs for Latin Modern
)
[4]

LaTeX Warning: Citation 'brunello' on page 5 undefined on input line 466.

<term_paper_eem_files/figure-latex/unnamed-chunk-1-1.pdf, id=70, 469.755pt x 32
5.215pt>
File: term_paper_eem_files/figure-latex/unnamed-chunk-1-1.pdf Graphic file (typ
e pdf)
<use term_paper_eem_files/figure-latex/unnamed-chunk-1-1.pdf>
Package pdftex.def Info: term_paper_eem_files/figure-latex/unnamed-chunk-1-1.pd
f  used on input line 482.
(pdftex.def)             Requested size: 441.01784pt x 305.32004pt.
[5]

LaTeX Warning: Citation 'brunello' on page 6 undefined on input line 502.

LaTeX Font Info:    External font `lmex10' loaded for size
(Font)              <10> on input line 504.
LaTeX Font Info:    External font `lmex10' loaded for size
(Font)              <7> on input line 504.
LaTeX Font Info:    External font `lmex10' loaded for size
(Font)              <5> on input line 504.

LaTeX Warning: Citation 'brunello' on page 6 undefined on input line 508.


LaTeX Warning: Citation 'brunello' on page 6 undefined on input line 514.

[6 <./term_paper_eem_files/figure-latex/unnamed-chunk-1-1.pdf>]
LaTeX Font Info:    Trying to load font information for T1+lmtt on input line 5
19.

("C:\Users\Anwender\AppData\Local\Programs\MiKTeX 2.9\tex/latex/lm\t1lmtt.fd"
File: t1lmtt.fd 2009/10/30 v1.6 Font defs for Latin Modern
)
Overfull \hbox (96.20753pt too wide) in paragraph at lines 549--549
[]\T1/lmtt/m/n/12 \begin{tabular}{@{} l SS[table-format=2.3]SRS[table-format=2.
3]SS[table-format=4]S @{}}[] 
 []


Overfull \hbox (170.30757pt too wide) in paragraph at lines 549--549
[]\T1/lmtt/m/n/12 Country & {log w} & {s} & {ycomp} & \multicolumn{1}{c}{\makec
ell{Change in yrs.\\ of comp. school}}[] 
 []


Overfull \hbox (22.1075pt too wide) in paragraph at lines 549--549
[] \T1/lmtt/m/n/12 & {Age} & {\makecell{\%\\ Males}} & {Nobs} & {\makecell{\%\\
 Complier}} \\[] 
 []


Overfull \hbox (22.04446pt too wide) in paragraph at lines 549--549
[]\T1/lmtt/m/n/12 Austria & 2.022 & 12.632 & 8.679 & 8 to 9 & 55.368 & 0.526 & 
209 & 0.679 \\[] 
 []


Overfull \hbox (28.2755pt too wide) in paragraph at lines 549--549
[]\T1/lmtt/m/n/12 Belgium & 2.288 & 12.162 & 8.005 & 8 to 12 & 53.234 & 0.543 &
 877 & 0.001 \\[] 
 []


Overfull \hbox (22.07248pt too wide) in paragraph at lines 549--549
[]\T1/lmtt/m/n/12 Denmark & 2.973 & 13.523 & 7.115 & 7 to 9 & 54.592 & 0.489 & 
681 & 0.057 \\[] 
 []


Overfull \hbox (9.75049pt too wide) in paragraph at lines 549--549
[]\T1/lmtt/m/n/12 France & 2.401 & 11.303 & 8.64 & 8 to 10 & 53.328 & 0.474 & 8
78 & 0.32 \\[] 
 []


Overfull \hbox (9.72948pt too wide) in paragraph at lines 549--549
[]\T1/lmtt/m/n/12 Greece & 2.038 & 12.22 & 6.021 & 6 to 9 & 54.182 & 0.617 & 70
8 & 0.007 \\[] 
 []


Overfull \hbox (9.70146pt too wide) in paragraph at lines 549--549
[]\T1/lmtt/m/n/12 Italy & 2.196 & 10.066 & 7.112 & 5 to 9 & 55.606 & 0.601 & 41
1 & 0.528 \\[] 
 []


Overfull \hbox (34.41548pt too wide) in paragraph at lines 549--549
[]\T1/lmtt/m/n/12 Netherlands & 2.748 & 13.289 & 9.02 & 9 to 10 & 54.69 & 0.535
 & 910 & 0.02 \\[] 
 []


Overfull \hbox (9.72948pt too wide) in paragraph at lines 549--549
[]\T1/lmtt/m/n/12 Sweden & 2.039 & 9.487 & 8.454 & 8 to 9 & 55.355 & 0.567 & 38
3 & 0.454 \\[] 
 []


LaTeX Warning: Citation 'brunello' on page 7 undefined on input line 555.


LaTeX Warning: Citation 'brunello' on page 7 undefined on input line 559.


LaTeX Warning: Citation 'brunello' on page 7 undefined on input line 562.

[7]

LaTeX Warning: Citation 'brunello' on page 8 undefined on input line 593.

[8]

LaTeX Warning: Citation 'brunello' on page 9 undefined on input line 606.


Overfull \hbox (71.50752pt too wide) in paragraph at lines 635--635
[]       \T1/lmtt/m/n/12 \caption{\textit{Quantile Effects When Education is Tr
eated as Exogenous} \\[] 
 []


Overfull \hbox (52.97551pt too wide) in paragraph at lines 635--635
[]    \T1/lmtt/m/n/12 \scriptsize (Sample size : 7,165) By gender (3,735 males 
and 3,430 females)}[] 
 []


Overfull \hbox (176.47557pt too wide) in paragraph at lines 635--635
[]         \T1/lmtt/m/n/12 & \( \tau=0.10\) & \( \tau= 0.30\) & \( \tau= 0.50\)
 & \( \tau= 0.70\) & \( \tau= 0.90\) \\[] 
 []


Overfull \hbox (868.0619pt too wide) in paragraph at lines 635--635
[]        \T1/lmtt/m/n/12 \textit{Males}   & $\underset{(0.0025)}{0.0093^{***}}
$ & $\underset{(0.0052)}{0.0088^{*}}$ & $\underset{(0.0048)}{0.0212^{***}}$ & $
\underset{(0.0056)}{0.0331^{***}}$ & $\underset{(0.0085)}{0.0294^{***}}$[] 
 []


Overfull \hbox (892.76192pt too wide) in paragraph at lines 635--635
[]        \T1/lmtt/m/n/12 \textit{Females}& $\underset{(0.0025)}{0.0065^{***}}$
 & $\underset{(0.0052)}{0.0148^{***}}$ & $\underset{(0.0048)}{0.0238^{***}}$ & 
$\underset{(0.0056)}{0.0291^{***}}$ & $\underset{(0.0085)}{0.0233^{***}}$ \\[] 

 []


Overfull \hbox (2609.43378pt too wide) in paragraph at lines 635--635
[]      \T1/lmtt/m/n/12 \item \textit{Note.} Each regression included a constan
t, country dummies, \textit{q}, \textit{$q^2$} and their interactions with coun
try dummies, age, age squared, and the GDP per head at the age when the pupil w
ould have finished compulsory schooling. $\tau$ denotes the quantile of the dis
tribution of wages. Three stars, two stars and one star for statistically signi
ficant coefficients at the 1\%, 5\% and 10\% confidence level. Bootstrapped sta
ndard errors are shown in parentheses.[] 
 []


LaTeX Warning: Citation 'brunello' on page 9 undefined on input line 639.

[9]

LaTeX Warning: Citation 'brunello' on page 10 undefined on input line 649.


Overfull \hbox (52.97551pt too wide) in paragraph at lines 680--680
[]       \T1/lmtt/m/n/12 \caption{\textit{First Stage Effect of ycomp on s} (Sa
mple size : 7,165)}[] 
 []


Overfull \hbox (361.72566pt too wide) in paragraph at lines 680--680
[]        \T1/lmtt/m/n/12 \textit{Males}  & \( \tau_a=0.10 \) & \( \tau_a= 0.30
 \) & \( \tau_a= 0.50 \) & \( \tau_a= 0.70 \) & \( \tau_a= 0.90 \) \\[] 
 []


Overfull \hbox (1003.86995pt too wide) in paragraph at lines 680--680
[]        \T1/lmtt/m/n/12 Coeff. (s.e.)   & $\underset{(0.0872)}{-0.0049}$ & $\
phantom{-}\underset{(0.1814)}{0.2409}$ & $\phantom{-}\underset{(0.1656)}{0.0722
}$ & $\phantom{-}\underset{(0.2665)}{0.1098}$ & $\phantom{-}\underset{(0.1662)}
{0.0515}$    \\[] 
 []


Overfull \hbox (1016.23396pt too wide) in paragraph at lines 680--680
[]        \T1/lmtt/m/n/12 F-test (p-value) & $\phantom{-}\underset{(0.304)}{1.0
57}$ & $\phantom{-}\underset{(0.56)}{0.3398}$ & $\phantom{-}\underset{(0.9355)}
{0.0065}$ & $\phantom{-}\underset{(0.6495)}{0.2065}$ & $\phantom{-}\underset{(0
.724)}{0.1247}$\\[] 
 []


Overfull \hbox (374.07567pt too wide) in paragraph at lines 680--680
[]        \T1/lmtt/m/n/12 \textit{Females}  & \( \tau_a=0.10 \) & \( \tau_a= 0.
30 \) & \( \tau_a= 0.50 \) & \( \tau_a= 0.70 \) & \( \tau_a= 0.90 \) \\[] 
 []


Overfull \hbox (935.94492pt too wide) in paragraph at lines 680--680
[]        \T1/lmtt/m/n/12 Coeff. (s.e.)    & $\phantom{-}\underset{(0.1373)}{0.
0094}$ & $\underset{(0.2112)}{-0.0248}$ & $\phantom{-}\underset{(0.1556)}{0.066
9}$ & $\phantom{-}\underset{(0.1799)}{0.0994}$ & $\underset{(0.2008)}{-0.0054}$
  \\[] 
 []


Overfull \hbox (1047.10898pt too wide) in paragraph at lines 680--680
[]        \T1/lmtt/m/n/12 F-test (p-value) & $\phantom{-}\underset{(0.3545)}{0.
8576}$ & $\phantom{-}\underset{(0.6941)}{0.1547}$ & $\phantom{-}\underset{(0.36
88)}{0.808}$ & $\phantom{-}\underset{(0.3564)}{0.8507}$ & $\phantom{-}\underset
{(0.4508)}{0.5689}$ \\[] 
 []


Overfull \hbox (182.65758pt too wide) in paragraph at lines 680--680
[]      \T1/lmtt/m/n/12 \item \textit{Note.} See Table 3. $\tau_a$ denotes the 
quantile of the distribution of ability.[] 
 []

[10]
Overfull \hbox (71.50752pt too wide) in paragraph at lines 748--748
[]       \T1/lmtt/m/n/12 \caption{\textit{Quantile Effects When Education is Tr
eated as Exogenous} \\[] 
 []


Overfull \hbox (52.97551pt too wide) in paragraph at lines 748--748
[]    \T1/lmtt/m/n/12 \scriptsize (Sample size : 7,165) By gender (3,735 males 
and 3,430 females)}[] 
 []


Overfull \hbox (330.85065pt too wide) in paragraph at lines 748--748
[]        \T1/lmtt/m/n/12 \textit{Males}  & \( \tau_u=0.10\) & \( \tau_u= 0.30\
) & \( \tau_u= 0.50\) & \( \tau_u= 0.70\) & \( \tau_u= 0.90\) \\[] 
 []


Overfull \hbox (1189.09903pt too wide) in paragraph at lines 748--748
[]        \T1/lmtt/m/n/12 $\tau_a = 0.1$    & $\phantom{-}\underset{(1.6418)}{1
8.5705^{***}}$ & $\phantom{-}\underset{(0.7968)}{7.9764^{**}}$ & $\phantom{-}\u
nderset{(0.8622)}{7.5947^{**}}$ & $\phantom{-}\underset{(0.8778)}{11.1463^{***}
}$ & $\phantom{-}\underset{(1.9126)}{7.6605}$[] 
 []


Overfull \hbox (1022.41597pt too wide) in paragraph at lines 748--748
[]         \T1/lmtt/m/n/12 $\tau_a = 0.3$   & $\phantom{-}\underset{(0.1817)}{0
.7117}$ & $\phantom{-}\underset{(0.121)}{0.3057}$ & $\phantom{-}\underset{(0.10
64)}{0.291^{*}}$ & $\underset{(0.1163)}{0.4272^{***}}$ & $\phantom{-}\underset{
(0.2019)}{0.2936}$[] 
 []


Overfull \hbox (1065.669pt too wide) in paragraph at lines 748--748
[]          \T1/lmtt/m/n/12 $\tau_a = 0.5$    & $\phantom{-}\underset{(0.218)}{
1.7513}$ & $\phantom{-}\underset{(0.1313)}{0.7522}$ & $\phantom{-}\underset{(0.
1142)}{0.7161}$ & $\phantom{-}\underset{(0.1131)}{1.0512}$ & $\phantom{-}\under
set{(0.1861)}{0.7224}$ \\[] 
 []


Overfull \hbox (1121.24403pt too wide) in paragraph at lines 748--748
[]           \T1/lmtt/m/n/12 $\tau_a = 0.7$   & $\phantom{-}\underset{(0.4483)}
{1.8353}$ & $\phantom{-}\underset{(0.2273)}{0.7883}$ & $\phantom{-}\underset{(0
.1914)}{0.7505^{**}}$ & $\phantom{-}\underset{(0.2551)}{1.1016^{***}}$ & $\phan
tom{-}\underset{(0.5155)}{0.7571}$[] 
 []


Overfull \hbox (1133.55902pt too wide) in paragraph at lines 748--748
[]           \T1/lmtt/m/n/12 $\tau_a = 0.9$    & $\phantom{-}\underset{(0.4067)
}{7.9706}$ & $\phantom{-}\underset{(0.2017)}{3.4235}$ & $\phantom{-}\underset{(
0.1849)}{3.2593}$ & $\phantom{-}\underset{(0.2211)}{4.7841^{***}}$ & $\phantom{
-}\underset{(0.4422)}{3.2879^{***}}$[] 
 []


Overfull \hbox (343.20065pt too wide) in paragraph at lines 748--748
[]        \T1/lmtt/m/n/12 \textit{Females} &  \( \tau_u=0.10\) & \( \tau_u= 0.3
0\) & \( \tau_u= 0.50\) & \( \tau_u= 0.70\) & \( \tau_u= 0.90\) \\[] 
 []


Overfull \hbox (991.52695pt too wide) in paragraph at lines 748--748
[]        \T1/lmtt/m/n/12 $\tau_a = 0.1$ & $\underset{(0.3065)}{-0.0087}$ & $\p
hantom{-}\underset{(0.1816)}{0.5695}$ & $\phantom{-}\underset{(0.1924)}{0.5237}
$ & $\phantom{-}\underset{(0.2308)}{0.3996}$ & $\phantom{-}\underset{(0.3037)}{
1.0701}$   \\[] 
 []


Overfull \hbox (1010.05196pt too wide) in paragraph at lines 748--748
[]         \T1/lmtt/m/n/12 $\tau_a = 0.3$   & $\underset{(1.3782)}{-0.414}$ & $
\phantom{-}\underset{(0.9251)}{26.9564}$ & $\phantom{-}\underset{(0.8135)}{24.7
813}$ & $\phantom{-}\underset{(1.0035)}{18.9156}$ & $\phantom{-}\underset{(1.60
5)}{50.6541}$ \\[] 
 []


Overfull \hbox (948.33694pt too wide) in paragraph at lines 748--748
[]          \T1/lmtt/m/n/12 $\tau_a = 0.5$   & $\underset{(0.2067)}{-0.0047}$ &
 $\phantom{-}\underset{(0.1105)}{0.3051}$ & $\phantom{-}\underset{(0.1073)}{0.2
806}$ & $\phantom{-}\underset{(0.1191)}{0.2141}$ & $\underset{(0.1873)}{0.5733}
$   \\[] 
 []

[11]
Overfull \hbox (830.99088pt too wide) in paragraph at lines 748--748
[]           \T1/lmtt/m/n/12 $\tau_a = 0.7$   &  $\phantom{-}\underset{(0.268)}
{0.0131}$ & $\underset{(0.1233)}{-0.8538}$ & $\underset{(0.1268)}{-0.785}$ & $\
underset{(0.1534)}{-0.5991}$ & $\underset{(0.219)}{-1.6043}$    \\[] 
 []


Overfull \hbox (874.19489pt too wide) in paragraph at lines 748--748
[]           \T1/lmtt/m/n/12 $\tau_a = 0.9$    & $\phantom{-}\underset{(0.2297)
}{0.0258}$ & $\underset{(0.1146)}{-1.6797}$ & $\underset{(0.1094)}{-1.5445}$ & 
$\underset{(0.1335)}{-1.1786^{*}}$ & $\underset{(0.1889)}{-3.1563}$    \\[] 
 []


Overfull \hbox (139.36252pt too wide) in paragraph at lines 748--748
[]           \T1/lmtt/m/n/12 Mean effect+ & -0.07770027 &  5.05951296 & 4.65119
676 &  3.55031764 & 9.50738651 \\[] 
 []


LaTeX Warning: Citation 'MaKoenk' on page 12 undefined on input line 751.


LaTeX Warning: Citation 'brunello' on page 12 undefined on input line 752.


LaTeX Warning: Citation 'brunello' on page 12 undefined on input line 758.


LaTeX Warning: Citation 'brunello' on page 12 undefined on input line 776.


LaTeX Warning: Citation 'brunello' on page 12 undefined on input line 785.


LaTeX Warning: Citation 'brunello' on page 12 undefined on input line 788.


LaTeX Warning: Citation 'brunello' on page 12 undefined on input line 793.


LaTeX Warning: Citation 'brunello' on page 12 undefined on input line 810.

[12] [13]

LaTeX Warning: Empty bibliography on input line 828.

Package atveryend Info: Empty hook `BeforeClearDocument' on input line 832.
Package atveryend Info: Empty hook `AfterLastShipout' on input line 832.
(term_paper_eem.aux)
Package atveryend Info: Executing hook `AtVeryEndDocument' on input line 832.
Package atveryend Info: Executing hook `AtEndAfterFileList' on input line 832.


Package rerunfilecheck Warning: File `term_paper_eem.out' has changed.
(rerunfilecheck)                Rerun to get outlines right
(rerunfilecheck)                or use package `bookmark'.

Package rerunfilecheck Info: Checksums for `term_paper_eem.out':
(rerunfilecheck)             Before: <no file>
(rerunfilecheck)             After:  236A9C9BB988A2EDE8F9BF4B864F6A8E;1240.

LaTeX Warning: There were undefined references.


LaTeX Warning: Label(s) may have changed. Rerun to get cross-references right.


Package biblatex Warning: Please (re)run Biber on the file:
(biblatex)                term_paper_eem
(biblatex)                and rerun LaTeX afterwards.

Package logreq Info: Writing requests to 'term_paper_eem.run.xml'.
\openout1 = `term_paper_eem.run.xml'.

 ) 
Here is how much of TeX's memory you used:
 27816 strings out of 481165
 503521 string characters out of 2900642
 1326673 words of memory out of 3000000
 42762 multiletter control sequences out of 15000+200000
 618341 words of font info for 145 fonts, out of 3000000 for 9000
 1143 hyphenation exceptions out of 8191
 58i,10n,63p,1141b,6835s stack positions out of 5000i,500n,10000p,200000b,50000s
pdfTeX warning (dest): name{Hfootnote.3} has been referenced but does not exi
st, replaced by a fixed one

pdfTeX warning (dest): name{Hfootnote.2} has been referenced but does not exist
, replaced by a fixed one

pdfTeX warning (dest): name{Hfootnote.1} has been referenced but does not exist
, replaced by a fixed one

{C:/Users/Anwender/AppData/Local/Programs/MiKTeX 2.9/fonts/enc/dvips/lm/lm-ec.e
nc}{C:/Users/Anwender/AppData/Local/Programs/MiKTeX 2.9/fonts/enc/dvips/lm/lm-t
s1.enc}{C:/Users/Anwender/AppData/Local/Programs/MiKTeX 2.9/fonts/enc/dvips/lm/
lm-mathit.enc}{C:/Users/Anwender/AppData/Local/Programs/MiKTeX 2.9/fonts/enc/dv
ips/lm/lm-mathsy.enc}{C:/Users/Anwender/AppData/Local/Programs/MiKTeX 2.9/fonts
/enc/dvips/lm/lm-rm.enc}<C:/Users/Anwender/AppData/Local/Programs/MiKTeX 2.9/fo
nts/type1/public/lm/lmbx12.pfb><C:/Users/Anwender/AppData/Local/Programs/MiKTeX
 2.9/fonts/type1/public/lm/lmmi12.pfb><C:/Users/Anwender/AppData/Local/Programs
/MiKTeX 2.9/fonts/type1/public/lm/lmmi6.pfb><C:/Users/Anwender/AppData/Local/Pr
ograms/MiKTeX 2.9/fonts/type1/public/lm/lmmi8.pfb><C:/Users/Anwender/AppData/Lo
cal/Programs/MiKTeX 2.9/fonts/type1/public/lm/lmr10.pfb><C:/Users/Anwender/AppD
ata/Local/Programs/MiKTeX 2.9/fonts/type1/public/lm/lmr12.pfb><C:/Users/Anwende
r/AppData/Local/Programs/MiKTeX 2.9/fonts/type1/public/lm/lmr17.pfb><C:/Users/A
nwender/AppData/Local/Programs/MiKTeX 2.9/fonts/type1/public/lm/lmr7.pfb><C:/Us
ers/Anwender/AppData/Local/Programs/MiKTeX 2.9/fonts/type1/public/lm/lmr8.pfb><
C:/Users/Anwender/AppData/Local/Programs/MiKTeX 2.9/fonts/type1/public/lm/lmri1
2.pfb><C:/Users/Anwender/AppData/Local/Programs/MiKTeX 2.9/fonts/type1/public/l
m/lmsy10.pfb><C:/Users/Anwender/AppData/Local/Programs/MiKTeX 2.9/fonts/type1/p
ublic/lm/lmsy8.pfb><C:/Users/Anwender/AppData/Local/Programs/MiKTeX 2.9/fonts/t
ype1/public/lm/lmtt12.pfb>
Output written on term_paper_eem.pdf (16 pages, 302056 bytes).
PDF statistics:
 191 PDF objects out of 1000 (max. 8388607)
 44 named destinations out of 1000 (max. 500000)
 16401 words of extra memory for PDF output out of 17280 (max. 10000000)

